This file contains any messages produced by compilers while
running configure, to aid debugging if configure makes a mistake.

It was created by wsdlc configure 1.0.0, which was
generated by GNU Autoconf 2.69.  Invocation command line was

  $ ./configure --prefix=/opt/wso2/wsf_c

## --------- ##
## Platform. ##
## --------- ##

hostname = Carlos-MacBook-Pro.local
uname -m = x86_64
uname -r = 12.2.0
uname -s = Darwin
uname -v = Darwin Kernel Version 12.2.0: Sat Aug 25 00:48:52 PDT 2012; root:xnu-2050.18.24~1/RELEASE_X86_64

/usr/bin/uname -p = i386
/bin/uname -X     = unknown

/bin/arch              = unknown
/usr/bin/arch -k       = unknown
/usr/convex/getsysinfo = unknown
/usr/bin/hostinfo      = Mach kernel version:
	 Darwin Kernel Version 12.2.0: Sat Aug 25 00:48:52 PDT 2012; root:xnu-2050.18.24~1/RELEASE_X86_64
Kernel configured for up to 4 processors.
2 processors are physically available.
4 processors are logically available.
Processor type: i486 (Intel 80486)
Processors active: 0 1 2 3
Primary memory available: 4.00 gigabytes
Default processor set: 125 tasks, 664 threads, 4 processors
Load average: 2.19, Mach factor: 1.80
/bin/machine           = unknown
/usr/bin/oslevel       = unknown
/bin/universe          = unknown

PATH: /Users/carloespinosa/.rvm/gems/ruby-1.9.3-p0/bin
PATH: /Users/carloespinosa/.rvm/gems/ruby-1.9.3-p0@global/bin
PATH: /Users/carloespinosa/.rvm/rubies/ruby-1.9.3-p0/bin
PATH: /Users/carloespinosa/.rvm/bin
PATH: /usr/bin
PATH: /bin
PATH: /usr/sbin
PATH: /sbin
PATH: /usr/local/bin
PATH: /opt/X11/bin


## ----------- ##
## Core tests. ##
## ----------- ##

configure:2364: checking build system type
configure:2378: result: x86_64-apple-darwin12.2.0
configure:2398: checking host system type
configure:2411: result: x86_64-apple-darwin12.2.0
configure:2431: checking target system type
configure:2444: result: x86_64-apple-darwin12.2.0
configure:2489: checking for a BSD-compatible install
configure:2557: result: /usr/bin/install -c
configure:2568: checking whether build environment is sane
configure:2623: result: yes
configure:2774: checking for a thread-safe mkdir -p
configure:2813: result: ./install-sh -c -d
configure:2820: checking for gawk
configure:2850: result: no
configure:2820: checking for mawk
configure:2850: result: no
configure:2820: checking for nawk
configure:2850: result: no
configure:2820: checking for awk
configure:2836: found /usr/bin/awk
configure:2847: result: awk
configure:2858: checking whether make sets $(MAKE)
configure:2880: result: yes
configure:2961: checking how to create a ustar tar archive
configure:2974: tar --version
bsdtar 2.8.3 - libarchive 2.8.3
configure:2977: $? = 0
configure:3017: tardir=conftest.dir && eval tar --format=ustar -chf - "$tardir" >conftest.tar
configure:3020: $? = 0
configure:3024: tar -xf - <conftest.tar
configure:3027: $? = 0
configure:3040: result: gnutar
configure:3097: checking for gcc
configure:3113: found /usr/bin/gcc
configure:3124: result: gcc
configure:3353: checking for C compiler version
configure:3362: gcc --version >&5
i686-apple-darwin11-llvm-gcc-4.2 (GCC) 4.2.1 (Based on Apple Inc. build 5658) (LLVM build 2336.11.00)
Copyright (C) 2007 Free Software Foundation, Inc.
This is free software; see the source for copying conditions.  There is NO
warranty; not even for MERCHANTABILITY or FITNESS FOR A PARTICULAR PURPOSE.

configure:3373: $? = 0
configure:3362: gcc -v >&5
Using built-in specs.
Target: i686-apple-darwin11
Configured with: /private/var/tmp/llvmgcc42/llvmgcc42-2336.11~28/src/configure --disable-checking --enable-werror --prefix=/Applications/Xcode.app/Contents/Developer/usr/llvm-gcc-4.2 --mandir=/share/man --enable-languages=c,objc,c++,obj-c++ --program-prefix=llvm- --program-transform-name=/^[cg][^.-]*$/s/$/-4.2/ --with-slibdir=/usr/lib --build=i686-apple-darwin11 --enable-llvm=/private/var/tmp/llvmgcc42/llvmgcc42-2336.11~28/dst-llvmCore/Developer/usr/local --program-prefix=i686-apple-darwin11- --host=x86_64-apple-darwin11 --target=i686-apple-darwin11 --with-gxx-include-dir=/usr/include/c++/4.2.1
Thread model: posix
gcc version 4.2.1 (Based on Apple Inc. build 5658) (LLVM build 2336.11.00)
configure:3373: $? = 0
configure:3362: gcc -V >&5
llvm-gcc-4.2: argument to `-V' is missing
configure:3373: $? = 1
configure:3362: gcc -qversion >&5
i686-apple-darwin11-llvm-gcc-4.2: no input files
configure:3373: $? = 1
configure:3393: checking whether the C compiler works
configure:3415: gcc    conftest.c  >&5
configure:3419: $? = 0
configure:3467: result: yes
configure:3470: checking for C compiler default output file name
configure:3472: result: a.out
configure:3478: checking for suffix of executables
configure:3485: gcc -o conftest    conftest.c  >&5
configure:3489: $? = 0
configure:3511: result: 
configure:3533: checking whether we are cross compiling
configure:3541: gcc -o conftest    conftest.c  >&5
configure:3545: $? = 0
configure:3552: ./conftest
configure:3556: $? = 0
configure:3571: result: no
configure:3576: checking for suffix of object files
configure:3598: gcc -c   conftest.c >&5
configure:3602: $? = 0
configure:3623: result: o
configure:3627: checking whether we are using the GNU C compiler
configure:3646: gcc -c   conftest.c >&5
configure:3646: $? = 0
configure:3655: result: yes
configure:3664: checking whether gcc accepts -g
configure:3684: gcc -c -g  conftest.c >&5
configure:3684: $? = 0
configure:3725: result: yes
configure:3742: checking for gcc option to accept ISO C89
configure:3805: gcc  -c -g -O2  conftest.c >&5
configure:3805: $? = 0
configure:3818: result: none needed
configure:3849: checking for style of include used by make
configure:3877: result: GNU
configure:3903: checking dependency style of gcc
configure:4014: result: gcc3
configure:4087: checking for g++
configure:4103: found /usr/bin/g++
configure:4114: result: g++
configure:4141: checking for C++ compiler version
configure:4150: g++ --version >&5
i686-apple-darwin11-llvm-g++-4.2 (GCC) 4.2.1 (Based on Apple Inc. build 5658) (LLVM build 2336.11.00)
Copyright (C) 2007 Free Software Foundation, Inc.
This is free software; see the source for copying conditions.  There is NO
warranty; not even for MERCHANTABILITY or FITNESS FOR A PARTICULAR PURPOSE.

configure:4161: $? = 0
configure:4150: g++ -v >&5
Using built-in specs.
Target: i686-apple-darwin11
Configured with: /private/var/tmp/llvmgcc42/llvmgcc42-2336.11~28/src/configure --disable-checking --enable-werror --prefix=/Applications/Xcode.app/Contents/Developer/usr/llvm-gcc-4.2 --mandir=/share/man --enable-languages=c,objc,c++,obj-c++ --program-prefix=llvm- --program-transform-name=/^[cg][^.-]*$/s/$/-4.2/ --with-slibdir=/usr/lib --build=i686-apple-darwin11 --enable-llvm=/private/var/tmp/llvmgcc42/llvmgcc42-2336.11~28/dst-llvmCore/Developer/usr/local --program-prefix=i686-apple-darwin11- --host=x86_64-apple-darwin11 --target=i686-apple-darwin11 --with-gxx-include-dir=/usr/include/c++/4.2.1
Thread model: posix
gcc version 4.2.1 (Based on Apple Inc. build 5658) (LLVM build 2336.11.00)
configure:4161: $? = 0
configure:4150: g++ -V >&5
llvm-g++-4.2: argument to `-V' is missing
configure:4161: $? = 1
configure:4150: g++ -qversion >&5
i686-apple-darwin11-llvm-g++-4.2: no input files
configure:4161: $? = 1
configure:4165: checking whether we are using the GNU C++ compiler
configure:4184: g++ -c   conftest.cpp >&5
configure:4184: $? = 0
configure:4193: result: yes
configure:4202: checking whether g++ accepts -g
configure:4222: g++ -c -g  conftest.cpp >&5
configure:4222: $? = 0
configure:4263: result: yes
configure:4288: checking dependency style of g++
configure:4399: result: gcc3
configure:4419: checking how to run the C preprocessor
configure:4450: gcc -E  conftest.c
configure:4450: $? = 0
configure:4464: gcc -E  conftest.c
conftest.c:11:28: error: ac_nonexistent.h: No such file or directory
configure:4464: $? = 1
configure: failed program was:
| /* confdefs.h */
| #define PACKAGE_NAME "wsdlc"
| #define PACKAGE_TARNAME "wsdlc"
| #define PACKAGE_VERSION "1.0.0"
| #define PACKAGE_STRING "wsdlc 1.0.0"
| #define PACKAGE_BUGREPORT ""
| #define PACKAGE_URL ""
| #define PACKAGE "wsdlc"
| #define VERSION "1.0.0"
| /* end confdefs.h.  */
| #include <ac_nonexistent.h>
configure:4489: result: gcc -E
configure:4509: gcc -E  conftest.c
configure:4509: $? = 0
configure:4523: gcc -E  conftest.c
conftest.c:11:28: error: ac_nonexistent.h: No such file or directory
configure:4523: $? = 1
configure: failed program was:
| /* confdefs.h */
| #define PACKAGE_NAME "wsdlc"
| #define PACKAGE_TARNAME "wsdlc"
| #define PACKAGE_VERSION "1.0.0"
| #define PACKAGE_STRING "wsdlc 1.0.0"
| #define PACKAGE_BUGREPORT ""
| #define PACKAGE_URL ""
| #define PACKAGE "wsdlc"
| #define VERSION "1.0.0"
| /* end confdefs.h.  */
| #include <ac_nonexistent.h>
configure:4597: checking how to print strings
configure:4624: result: printf
configure:4645: checking for a sed that does not truncate output
configure:4709: result: /usr/bin/sed
configure:4727: checking for grep that handles long lines and -e
configure:4785: result: /usr/bin/grep
configure:4790: checking for egrep
configure:4852: result: /usr/bin/grep -E
configure:4857: checking for fgrep
configure:4919: result: /usr/bin/grep -F
configure:4954: checking for ld used by gcc
configure:5021: result: /usr/llvm-gcc-4.2/libexec/gcc/i686-apple-darwin11/4.2.1/ld
configure:5028: checking if the linker (/usr/llvm-gcc-4.2/libexec/gcc/i686-apple-darwin11/4.2.1/ld) is GNU ld
configure:5043: result: no
configure:5055: checking for BSD- or MS-compatible name lister (nm)
configure:5104: result: /usr/bin/nm
configure:5234: checking the name lister (/usr/bin/nm) interface
configure:5241: gcc -c -g -O2  conftest.c >&5
configure:5244: /usr/bin/nm "conftest.o"
configure:5247: output
00000000000001dc S _some_variable
configure:5254: result: BSD nm
configure:5257: checking whether ln -s works
configure:5261: result: yes
configure:5269: checking the maximum length of command line arguments
configure:5399: result: 196608
configure:5416: checking whether the shell understands some XSI constructs
configure:5426: result: yes
configure:5430: checking whether the shell understands "+="
configure:5436: result: yes
configure:5471: checking how to convert x86_64-apple-darwin12.2.0 file names to x86_64-apple-darwin12.2.0 format
configure:5511: result: func_convert_file_noop
configure:5518: checking how to convert x86_64-apple-darwin12.2.0 file names to toolchain format
configure:5538: result: func_convert_file_noop
configure:5545: checking for /usr/llvm-gcc-4.2/libexec/gcc/i686-apple-darwin11/4.2.1/ld option to reload object files
configure:5552: result: -r
configure:5626: checking for objdump
configure:5656: result: no
configure:5685: checking how to recognize dependent libraries
configure:5887: result: pass_all
configure:5972: checking for dlltool
configure:6002: result: no
configure:6032: checking how to associate runtime and link libraries
configure:6059: result: printf %s\n
configure:6120: checking for ar
configure:6136: found /usr/bin/ar
configure:6147: result: ar
configure:6184: checking for archiver @FILE support
configure:6201: gcc -c -g -O2  conftest.c >&5
configure:6201: $? = 0
configure:6204: ar cru libconftest.a @conftest.lst >&5
ar: @conftest.lst: No such file or directory
configure:6207: $? = 1
configure:6227: result: no
configure:6285: checking for strip
configure:6301: found /usr/bin/strip
configure:6312: result: strip
configure:6384: checking for ranlib
configure:6400: found /usr/bin/ranlib
configure:6411: result: ranlib
configure:6513: checking command to parse /usr/bin/nm output from gcc object
configure:6633: gcc -c -g -O2  conftest.c >&5
configure:6636: $? = 0
configure:6640: /usr/bin/nm conftest.o \| sed -n -e 's/^.*[ ]\([BCDEGRST][BCDEGRST]*\)[ ][ ]*\([_A-Za-z][_A-Za-z0-9]*\)$/\1 \2 \2/p' | sed '/ __gnu_lto/d' \> conftest.nm
configure:6643: $? = 0
cannot find nm_test_var in conftest.nm
configure:6633: gcc -c -g -O2  conftest.c >&5
configure:6636: $? = 0
configure:6640: /usr/bin/nm conftest.o \| sed -n -e 's/^.*[ ]\([BCDEGRST][BCDEGRST]*\)[ ][ ]*_\([_A-Za-z][_A-Za-z0-9]*\)$/\1 _\2 \2/p' | sed '/ __gnu_lto/d' \> conftest.nm
configure:6643: $? = 0
configure:6709: gcc -o conftest -g -O2   conftest.c conftstm.o >&5
configure:6712: $? = 0
configure:6750: result: ok
configure:6787: checking for sysroot
configure:6817: result: no
configure:7073: checking for mt
configure:7103: result: no
configure:7123: checking if : is a manifest tool
configure:7129: : '-?'
configure:7137: result: no
configure:7193: checking for dsymutil
configure:7209: found /usr/bin/dsymutil
configure:7220: result: dsymutil
configure:7285: checking for nmedit
configure:7301: found /usr/bin/nmedit
configure:7312: result: nmedit
configure:7377: checking for lipo
configure:7393: found /usr/bin/lipo
configure:7404: result: lipo
configure:7469: checking for otool
configure:7485: found /usr/bin/otool
configure:7496: result: otool
configure:7561: checking for otool64
configure:7591: result: no
configure:7636: checking for -single_module linker flag
gcc -g -O2  -o libconftest.dylib -dynamiclib -Wl,-single_module conftest.c
configure:7669: result: yes
configure:7672: checking for -exported_symbols_list linker flag
configure:7692: gcc -o conftest -g -O2   -Wl,-exported_symbols_list,conftest.sym conftest.c  >&5
configure:7692: $? = 0
configure:7702: result: yes
configure:7705: checking for -force_load linker flag
gcc -g -O2 -c -o conftest.o conftest.c
ar cru libconftest.a conftest.o
ranlib libconftest.a
gcc -g -O2  -o conftest conftest.c -Wl,-force_load,./libconftest.a
configure:7737: result: yes
configure:7775: checking for ANSI C header files
configure:7795: gcc -c -g -O2  conftest.c >&5
configure:7795: $? = 0
configure:7868: gcc -o conftest -g -O2   conftest.c  >&5
configure:7868: $? = 0
configure:7868: ./conftest
configure:7868: $? = 0
configure:7879: result: yes
configure:7892: checking for sys/types.h
configure:7892: gcc -c -g -O2  conftest.c >&5
configure:7892: $? = 0
configure:7892: result: yes
configure:7892: checking for sys/stat.h
configure:7892: gcc -c -g -O2  conftest.c >&5
configure:7892: $? = 0
configure:7892: result: yes
configure:7892: checking for stdlib.h
configure:7892: gcc -c -g -O2  conftest.c >&5
configure:7892: $? = 0
configure:7892: result: yes
configure:7892: checking for string.h
configure:7892: gcc -c -g -O2  conftest.c >&5
configure:7892: $? = 0
configure:7892: result: yes
configure:7892: checking for memory.h
configure:7892: gcc -c -g -O2  conftest.c >&5
configure:7892: $? = 0
configure:7892: result: yes
configure:7892: checking for strings.h
configure:7892: gcc -c -g -O2  conftest.c >&5
configure:7892: $? = 0
configure:7892: result: yes
configure:7892: checking for inttypes.h
configure:7892: gcc -c -g -O2  conftest.c >&5
configure:7892: $? = 0
configure:7892: result: yes
configure:7892: checking for stdint.h
configure:7892: gcc -c -g -O2  conftest.c >&5
configure:7892: $? = 0
configure:7892: result: yes
configure:7892: checking for unistd.h
configure:7892: gcc -c -g -O2  conftest.c >&5
configure:7892: $? = 0
configure:7892: result: yes
configure:7906: checking for dlfcn.h
configure:7906: gcc -c -g -O2  conftest.c >&5
configure:7906: $? = 0
configure:7906: result: yes
configure:8123: checking for objdir
configure:8138: result: .libs
configure:8405: checking if gcc supports -fno-rtti -fno-exceptions
configure:8423: gcc -c -g -O2  -fno-rtti -fno-exceptions conftest.c >&5
cc1: warning: command line option "-fno-rtti" is valid for C++/ObjC++ but not for C
configure:8427: $? = 0
configure:8440: result: no
configure:8767: checking for gcc option to produce PIC
configure:8774: result: -fno-common -DPIC
configure:8782: checking if gcc PIC flag -fno-common -DPIC works
configure:8800: gcc -c -g -O2  -fno-common -DPIC -DPIC conftest.c >&5
configure:8804: $? = 0
configure:8817: result: yes
configure:8846: checking if gcc static flag -static works
configure:8874: result: no
configure:8889: checking if gcc supports -c -o file.o
configure:8910: gcc -c -g -O2  -o out/conftest2.o conftest.c >&5
configure:8914: $? = 0
configure:8936: result: yes
configure:8944: checking if gcc supports -c -o file.o
configure:8991: result: yes
configure:9024: checking whether the gcc linker (/usr/llvm-gcc-4.2/libexec/gcc/i686-apple-darwin11/4.2.1/ld) supports shared libraries
configure:10177: result: yes
configure:10417: checking dynamic linker characteristics
configure:11150: result: darwin12.2.0 dyld
configure:11257: checking how to hardcode library paths into programs
configure:11282: result: immediate
configure:11822: checking whether stripping libraries is possible
configure:11836: result: yes
configure:11862: checking if libtool supports shared libraries
configure:11864: result: yes
configure:11867: checking whether to build shared libraries
configure:11888: result: yes
configure:11891: checking whether to build static libraries
configure:11895: result: yes
configure:11918: checking how to run the C++ preprocessor
configure:11945: g++ -E  conftest.cpp
configure:11945: $? = 0
configure:11959: g++ -E  conftest.cpp
conftest.cpp:23:28: error: ac_nonexistent.h: No such file or directory
configure:11959: $? = 1
configure: failed program was:
| /* confdefs.h */
| #define PACKAGE_NAME "wsdlc"
| #define PACKAGE_TARNAME "wsdlc"
| #define PACKAGE_VERSION "1.0.0"
| #define PACKAGE_STRING "wsdlc 1.0.0"
| #define PACKAGE_BUGREPORT ""
| #define PACKAGE_URL ""
| #define PACKAGE "wsdlc"
| #define VERSION "1.0.0"
| #define STDC_HEADERS 1
| #define HAVE_SYS_TYPES_H 1
| #define HAVE_SYS_STAT_H 1
| #define HAVE_STDLIB_H 1
| #define HAVE_STRING_H 1
| #define HAVE_MEMORY_H 1
| #define HAVE_STRINGS_H 1
| #define HAVE_INTTYPES_H 1
| #define HAVE_STDINT_H 1
| #define HAVE_UNISTD_H 1
| #define HAVE_DLFCN_H 1
| #define LT_OBJDIR ".libs/"
| /* end confdefs.h.  */
| #include <ac_nonexistent.h>
configure:11984: result: g++ -E
configure:12004: g++ -E  conftest.cpp
configure:12004: $? = 0
configure:12018: g++ -E  conftest.cpp
conftest.cpp:23:28: error: ac_nonexistent.h: No such file or directory
configure:12018: $? = 1
configure: failed program was:
| /* confdefs.h */
| #define PACKAGE_NAME "wsdlc"
| #define PACKAGE_TARNAME "wsdlc"
| #define PACKAGE_VERSION "1.0.0"
| #define PACKAGE_STRING "wsdlc 1.0.0"
| #define PACKAGE_BUGREPORT ""
| #define PACKAGE_URL ""
| #define PACKAGE "wsdlc"
| #define VERSION "1.0.0"
| #define STDC_HEADERS 1
| #define HAVE_SYS_TYPES_H 1
| #define HAVE_SYS_STAT_H 1
| #define HAVE_STDLIB_H 1
| #define HAVE_STRING_H 1
| #define HAVE_MEMORY_H 1
| #define HAVE_STRINGS_H 1
| #define HAVE_INTTYPES_H 1
| #define HAVE_STDINT_H 1
| #define HAVE_UNISTD_H 1
| #define HAVE_DLFCN_H 1
| #define LT_OBJDIR ".libs/"
| /* end confdefs.h.  */
| #include <ac_nonexistent.h>
configure:12187: checking for ld used by g++
configure:12254: result: /usr/llvm-gcc-4.2/libexec/gcc/i686-apple-darwin11/4.2.1/ld
configure:12261: checking if the linker (/usr/llvm-gcc-4.2/libexec/gcc/i686-apple-darwin11/4.2.1/ld) is GNU ld
configure:12276: result: no
configure:12331: checking whether the g++ linker (/usr/llvm-gcc-4.2/libexec/gcc/i686-apple-darwin11/4.2.1/ld) supports shared libraries
configure:13336: result: yes
configure:13372: g++ -c -g -O2  conftest.cpp >&5
configure:13375: $? = 0
configure:13895: checking for g++ option to produce PIC
configure:13902: result: -fno-common -DPIC
configure:13910: checking if g++ PIC flag -fno-common -DPIC works
configure:13928: g++ -c -g -O2  -fno-common -DPIC -DPIC conftest.cpp >&5
configure:13932: $? = 0
configure:13945: result: yes
configure:13968: checking if g++ static flag -static works
configure:13996: result: no
configure:14008: checking if g++ supports -c -o file.o
configure:14029: g++ -c -g -O2  -o out/conftest2.o conftest.cpp >&5
configure:14033: $? = 0
configure:14055: result: yes
configure:14060: checking if g++ supports -c -o file.o
configure:14107: result: yes
configure:14137: checking whether the g++ linker (/usr/llvm-gcc-4.2/libexec/gcc/i686-apple-darwin11/4.2.1/ld) supports shared libraries
configure:14173: result: yes
configure:14314: checking dynamic linker characteristics
configure:14981: result: darwin12.2.0 dyld
configure:15034: checking how to hardcode library paths into programs
configure:15059: result: immediate
configure:15121: checking whether ln -s works
configure:15125: result: yes
configure:15132: checking whether make sets $(MAKE)
configure:15154: result: yes
configure:15164: checking for ISO C99 varargs macros in C
configure:15181: gcc -c -g -O2  conftest.c >&5
configure:15181: $? = 0
configure:15187: result: yes
configure:15190: checking for GNUC varargs macros
configure:15207: gcc -c -g -O2  conftest.c >&5
configure:15207: $? = 0
configure:15213: result: yes
configure:15227: checking for dlopen in -ldl
configure:15252: gcc -o conftest -g -O2   conftest.c -ldl   >&5
configure:15252: $? = 0
configure:15261: result: yes
configure:15281: checking for ANSI C header files
configure:15385: result: yes
configure:15396: checking stdio.h usability
configure:15396: gcc -c -g -O2 -D_LARGEFILE64_SOURCE -ansi -Wall -Wno-implicit-function-declaration  conftest.c >&5
configure:15396: $? = 0
configure:15396: result: yes
configure:15396: checking stdio.h presence
configure:15396: gcc -E  conftest.c
configure:15396: $? = 0
configure:15396: result: yes
configure:15396: checking for stdio.h
configure:15396: result: yes
configure:15396: checking for stdlib.h
configure:15396: result: yes
configure:15396: checking for string.h
configure:15396: result: yes
configure:15522: checking that generated files are newer than configure
configure:15528: result: done
configure:15555: creating ./config.status

## ---------------------- ##
## Running config.status. ##
## ---------------------- ##

This file was extended by wsdlc config.status 1.0.0, which was
generated by GNU Autoconf 2.69.  Invocation command line was

  CONFIG_FILES    = 
  CONFIG_HEADERS  = 
  CONFIG_LINKS    = 
  CONFIG_COMMANDS = 
  $ ./config.status 

on Carlos-MacBook-Pro.local

config.status:1148: creating Makefile
config.status:1148: creating src/Makefile
config.status:1148: creating config.h
config.status:1377: executing depfiles commands
config.status:1377: executing libtool commands

## ---------------- ##
## Cache variables. ##
## ---------------- ##

ac_cv_build=x86_64-apple-darwin12.2.0
ac_cv_c_compiler_gnu=yes
ac_cv_cxx_compiler_gnu=yes
ac_cv_env_CCC_set=
ac_cv_env_CCC_value=
ac_cv_env_CC_set=
ac_cv_env_CC_value=
ac_cv_env_CFLAGS_set=
ac_cv_env_CFLAGS_value=
ac_cv_env_CPPFLAGS_set=
ac_cv_env_CPPFLAGS_value=
ac_cv_env_CPP_set=
ac_cv_env_CPP_value=
ac_cv_env_CXXCPP_set=
ac_cv_env_CXXCPP_value=
ac_cv_env_CXXFLAGS_set=
ac_cv_env_CXXFLAGS_value=
ac_cv_env_CXX_set=
ac_cv_env_CXX_value=
ac_cv_env_LDFLAGS_set=
ac_cv_env_LDFLAGS_value=
ac_cv_env_LIBS_set=
ac_cv_env_LIBS_value=
ac_cv_env_build_alias_set=
ac_cv_env_build_alias_value=
ac_cv_env_host_alias_set=
ac_cv_env_host_alias_value=
ac_cv_env_target_alias_set=
ac_cv_env_target_alias_value=
ac_cv_header_dlfcn_h=yes
ac_cv_header_inttypes_h=yes
ac_cv_header_memory_h=yes
ac_cv_header_stdc=yes
ac_cv_header_stdint_h=yes
ac_cv_header_stdio_h=yes
ac_cv_header_stdlib_h=yes
ac_cv_header_string_h=yes
ac_cv_header_strings_h=yes
ac_cv_header_sys_stat_h=yes
ac_cv_header_sys_types_h=yes
ac_cv_header_unistd_h=yes
ac_cv_host=x86_64-apple-darwin12.2.0
ac_cv_lib_dl_dlopen=yes
ac_cv_objext=o
ac_cv_path_EGREP='/usr/bin/grep -E'
ac_cv_path_FGREP='/usr/bin/grep -F'
ac_cv_path_GREP=/usr/bin/grep
ac_cv_path_SED=/usr/bin/sed
ac_cv_path_install='/usr/bin/install -c'
ac_cv_prog_AWK=awk
ac_cv_prog_CPP='gcc -E'
ac_cv_prog_CXXCPP='g++ -E'
ac_cv_prog_ac_ct_AR=ar
ac_cv_prog_ac_ct_CC=gcc
ac_cv_prog_ac_ct_CXX=g++
ac_cv_prog_ac_ct_DSYMUTIL=dsymutil
ac_cv_prog_ac_ct_LIPO=lipo
ac_cv_prog_ac_ct_NMEDIT=nmedit
ac_cv_prog_ac_ct_OTOOL=otool
ac_cv_prog_ac_ct_RANLIB=ranlib
ac_cv_prog_ac_ct_STRIP=strip
ac_cv_prog_cc_c89=
ac_cv_prog_cc_g=yes
ac_cv_prog_cxx_g=yes
ac_cv_prog_make_make_set=yes
ac_cv_target=x86_64-apple-darwin12.2.0
am_cv_CC_dependencies_compiler_type=gcc3
am_cv_CXX_dependencies_compiler_type=gcc3
am_cv_prog_tar_ustar=gnutar
lt_cv_apple_cc_single_mod=yes
lt_cv_ar_at_file=no
lt_cv_deplibs_check_method=pass_all
lt_cv_file_magic_cmd='$MAGIC_CMD'
lt_cv_file_magic_test_file=
lt_cv_ld_exported_symbols_list=yes
lt_cv_ld_force_load=yes
lt_cv_ld_reload_flag=-r
lt_cv_nm_interface='BSD nm'
lt_cv_objdir=.libs
lt_cv_path_LD=/usr/llvm-gcc-4.2/libexec/gcc/i686-apple-darwin11/4.2.1/ld
lt_cv_path_LDCXX=/usr/llvm-gcc-4.2/libexec/gcc/i686-apple-darwin11/4.2.1/ld
lt_cv_path_NM=/usr/bin/nm
lt_cv_path_mainfest_tool=no
lt_cv_prog_compiler_c_o=yes
lt_cv_prog_compiler_c_o_CXX=yes
lt_cv_prog_compiler_pic='-fno-common -DPIC'
lt_cv_prog_compiler_pic_CXX='-fno-common -DPIC'
lt_cv_prog_compiler_pic_works=yes
lt_cv_prog_compiler_pic_works_CXX=yes
lt_cv_prog_compiler_rtti_exceptions=no
lt_cv_prog_compiler_static_works=no
lt_cv_prog_compiler_static_works_CXX=no
lt_cv_prog_gnu_ld=no
lt_cv_prog_gnu_ldcxx=no
lt_cv_sharedlib_from_linklib_cmd='printf %s\n'
lt_cv_sys_global_symbol_pipe='sed -n -e '\''s/^.*[	 ]\([BCDEGRST][BCDEGRST]*\)[	 ][	 ]*_\([_A-Za-z][_A-Za-z0-9]*\)$/\1 _\2 \2/p'\'' | sed '\''/ __gnu_lto/d'\'''
lt_cv_sys_global_symbol_to_c_name_address='sed -n -e '\''s/^: \([^ ]*\)[ ]*$/  {\"\1\", (void *) 0},/p'\'' -e '\''s/^[BCDEGRST]* \([^ ]*\) \([^ ]*\)$/  {"\2", (void *) \&\2},/p'\'''
lt_cv_sys_global_symbol_to_c_name_address_lib_prefix='sed -n -e '\''s/^: \([^ ]*\)[ ]*$/  {\"\1\", (void *) 0},/p'\'' -e '\''s/^[BCDEGRST]* \([^ ]*\) \(lib[^ ]*\)$/  {"\2", (void *) \&\2},/p'\'' -e '\''s/^[BCDEGRST]* \([^ ]*\) \([^ ]*\)$/  {"lib\2", (void *) \&\2},/p'\'''
lt_cv_sys_global_symbol_to_cdecl='sed -n -e '\''s/^T .* \(.*\)$/extern int \1();/p'\'' -e '\''s/^[BCDEGRST]* .* \(.*\)$/extern char \1;/p'\'''
lt_cv_sys_max_cmd_len=196608
lt_cv_to_host_file_cmd=func_convert_file_noop
lt_cv_to_tool_file_cmd=func_convert_file_noop

## ----------------- ##
## Output variables. ##
## ----------------- ##

ACLOCAL='${SHELL} /Users/carloespinosa/Desktop/IPN/WSO2-WCF/wso2-wsf-ruby-src-1.1.0/wsdlc/missing --run aclocal-1.12'
AMDEPBACKSLASH='\'
AMDEP_FALSE='#'
AMDEP_TRUE=''
AMTAR='$${TAR-tar}'
AR='ar'
AUTOCONF='${SHELL} /Users/carloespinosa/Desktop/IPN/WSO2-WCF/wso2-wsf-ruby-src-1.1.0/wsdlc/missing --run autoconf'
AUTOHEADER='${SHELL} /Users/carloespinosa/Desktop/IPN/WSO2-WCF/wso2-wsf-ruby-src-1.1.0/wsdlc/missing --run autoheader'
AUTOMAKE='${SHELL} /Users/carloespinosa/Desktop/IPN/WSO2-WCF/wso2-wsf-ruby-src-1.1.0/wsdlc/missing --run automake-1.12'
AWK='awk'
CC='gcc'
CCDEPMODE='depmode=gcc3'
CFLAGS='-g -O2 -D_LARGEFILE64_SOURCE -ansi -Wall -Wno-implicit-function-declaration'
CPP='gcc -E'
CPPFLAGS=''
CXX='g++'
CXXCPP='g++ -E'
CXXDEPMODE='depmode=gcc3'
CXXFLAGS='-g -O2'
CYGPATH_W='echo'
DEFS='-DHAVE_CONFIG_H'
DEPDIR='.deps'
DLLTOOL='false'
DSYMUTIL='dsymutil'
DUMPBIN=''
ECHO_C='\c'
ECHO_N=''
ECHO_T=''
EGREP='/usr/bin/grep -E'
EXEEXT=''
FGREP='/usr/bin/grep -F'
GREP='/usr/bin/grep'
INSTALL_DATA='${INSTALL} -m 644'
INSTALL_PROGRAM='${INSTALL}'
INSTALL_SCRIPT='${INSTALL}'
INSTALL_STRIP_PROGRAM='$(install_sh) -c -s'
LD='/usr/llvm-gcc-4.2/libexec/gcc/i686-apple-darwin11/4.2.1/ld'
LDFLAGS=' -lpthread'
LIBOBJS=''
LIBS='-ldl '
LIBTOOL='$(SHELL) $(top_builddir)/libtool'
LIPO='lipo'
LN_S='ln -s'
LTLIBOBJS=''
MAKEINFO='${SHELL} /Users/carloespinosa/Desktop/IPN/WSO2-WCF/wso2-wsf-ruby-src-1.1.0/wsdlc/missing --run makeinfo'
MANIFEST_TOOL=':'
MKDIR_P='./install-sh -c -d'
NM='/usr/bin/nm'
NMEDIT='nmedit'
OBJDUMP='false'
OBJEXT='o'
OTOOL64=':'
OTOOL='otool'
PACKAGE='wsdlc'
PACKAGE_BUGREPORT=''
PACKAGE_NAME='wsdlc'
PACKAGE_STRING='wsdlc 1.0.0'
PACKAGE_TARNAME='wsdlc'
PACKAGE_URL=''
PACKAGE_VERSION='1.0.0'
PATH_SEPARATOR=':'
RANLIB='ranlib'
SED='/usr/bin/sed'
SET_MAKE=''
SHELL='/bin/sh'
STRIP='strip'
VERSION='1.0.0'
ac_ct_AR='ar'
ac_ct_CC='gcc'
ac_ct_CXX='g++'
ac_ct_DUMPBIN=''
am__EXEEXT_FALSE=''
am__EXEEXT_TRUE='#'
am__fastdepCC_FALSE='#'
am__fastdepCC_TRUE=''
am__fastdepCXX_FALSE='#'
am__fastdepCXX_TRUE=''
am__include='include'
am__isrc=''
am__leading_dot='.'
am__nodep='_no'
am__quote=''
am__tar='tar --format=ustar -chf - "$$tardir"'
am__untar='tar -xf -'
bindir='${exec_prefix}/bin'
build='x86_64-apple-darwin12.2.0'
build_alias=''
build_cpu='x86_64'
build_os='darwin12.2.0'
build_vendor='apple'
datadir='${datarootdir}'
datarootdir='${prefix}/share'
docdir='${datarootdir}/doc/${PACKAGE_TARNAME}'
dvidir='${docdir}'
exec_prefix='${prefix}'
host='x86_64-apple-darwin12.2.0'
host_alias=''
host_cpu='x86_64'
host_os='darwin12.2.0'
host_vendor='apple'
htmldir='${docdir}'
includedir='${prefix}/include'
infodir='${datarootdir}/info'
install_sh='${SHELL} /Users/carloespinosa/Desktop/IPN/WSO2-WCF/wso2-wsf-ruby-src-1.1.0/wsdlc/install-sh'
libdir='${exec_prefix}/lib'
libexecdir='${exec_prefix}/libexec'
localedir='${datarootdir}/locale'
localstatedir='${prefix}/var'
mandir='${datarootdir}/man'
mkdir_p='$(MKDIR_P)'
oldincludedir='/usr/include'
pdfdir='${docdir}'
prefix='/opt/wso2/wsf_c'
program_transform_name='s,x,x,'
psdir='${docdir}'
sbindir='${exec_prefix}/sbin'
sharedstatedir='${prefix}/com'
sysconfdir='${prefix}/etc'
target='x86_64-apple-darwin12.2.0'
target_alias=''
target_cpu='x86_64'
target_os='darwin12.2.0'
target_vendor='apple'

## ----------- ##
## confdefs.h. ##
## ----------- ##

/* confdefs.h */
#define PACKAGE_NAME "wsdlc"
#define PACKAGE_TARNAME "wsdlc"
#define PACKAGE_VERSION "1.0.0"
#define PACKAGE_STRING "wsdlc 1.0.0"
#define PACKAGE_BUGREPORT ""
#define PACKAGE_URL ""
#define PACKAGE "wsdlc"
#define VERSION "1.0.0"
#define STDC_HEADERS 1
#define HAVE_SYS_TYPES_H 1
#define HAVE_SYS_STAT_H 1
#define HAVE_STDLIB_H 1
#define HAVE_STRING_H 1
#define HAVE_MEMORY_H 1
#define HAVE_STRINGS_H 1
#define HAVE_INTTYPES_H 1
#define HAVE_STDINT_H 1
#define HAVE_UNISTD_H 1
#define HAVE_DLFCN_H 1
#define LT_OBJDIR ".libs/"
#define HAVE_ISO_VARARGS 1
#define HAVE_GNUC_VARARGS 1
#define HAVE_LIBDL 1
#define STDC_HEADERS 1
#define HAVE_STDIO_H 1
#define HAVE_STDLIB_H 1
#define HAVE_STRING_H 1

configure: exit 0
